Process
=======
compile

Command Line
============
C:\graalvm-svm-java17-windows-gluon-22.1.0.1-Final\graalvm-svm-java17-windows-gluon-22.1.0.1-Final\bin\native-image.cmd "-Djdk.internal.lambda.eagerlyInitialize=false" --no-server -H:+SharedLibrary -H:+AddAllCharsets -H:+ReportExceptionStackTraces -H:-DeadlockWatchdogExitOnTimeout "-H:DeadlockWatchdogInterval=0" -H:+RemoveSaturatedTypeFlows -H:+ExitAfterRelocatableImageWrite "--features=org.graalvm.home.HomeFinderFeature" "-H:TempDirectory=C:\Github projects\CNC12WizardUpgrade\target\gluonfx\x86_64-windows\gvm\tmp" "-H:EnableURLProtocols=http,https" "-H:ReflectionConfigurationFiles=C:\Github projects\CNC12WizardUpgrade\target\gluonfx\x86_64-windows\gvm\reflectionconfig-x86_64-windows.json" "-H:JNIConfigurationFiles=C:\Github projects\CNC12WizardUpgrade\target\gluonfx\x86_64-windows\gvm\jniconfig-x86_64-windows.json" "-H:ResourceConfigurationFiles=C:\Github projects\CNC12WizardUpgrade\target\gluonfx\x86_64-windows\gvm\resourceconfig-x86_64-windows.json" "-H:IncludeResourceBundles=com/sun/javafx/scene/control/skin/resources/controls,com/sun/javafx/scene/control/skin/resources/controls-nt,com.sun.javafx.tk.quantum.QuantumMessagesBundle,com/sun/glass/ui/win/themes" "-Dsvm.platform=org.graalvm.nativeimage.Platform$WINDOWS_AMD64" -cp "C:\Users\Lucas\.m2\repository\com\gluonhq\substrate\0.0.67\substrate-0.0.67.jar;C:\Github projects\CNC12WizardUpgrade\target\gluonfx\x86_64-windows\gvm\tmp\classpathJar.jar" com.frogman650.App

Output
======
Warning: Ignoring server-mode native-image argument --no-server.
========================================================================================================================
GraalVM Native Image: Generating 'com.frogman650.app' (shared library)...
========================================================================================================================
[1/7] Initializing...                                                                                    (8.1s @ 0.15GB)
 Version info: 'GraalVM 22.1.0.1 Java 17 CE'
 C compiler: cl.exe (microsoft, x64, 19.44.35215)
 Garbage collector: Serial GC
[2/7] Performing analysis...  [**************]                                                          (35.3s @ 2.42GB)
  11,799 (90.17%) of 13,085 classes reachable
  21,311 (66.55%) of 32,022 fields reachable
  58,865 (63.02%) of 93,411 methods reachable
     666 classes,   202 fields, and 2,915 methods registered for reflection
     137 classes,   152 fields, and   208 methods registered for JNI access
[3/7] Building universe...                                                                               (2.3s @ 3.25GB)
[4/7] Parsing methods...      [**]                                                                       (3.2s @ 1.17GB)
[5/7] Inlining methods...     [****]                                                                     (2.2s @ 2.74GB)
[6/7] Compiling methods...    [*****]                                                                   (22.1s @ 1.88GB)

------------------------------------------------------------------------------------------------------------------------
                        7.4s (9.1% of total time) in 38 GCs | Peak RSS: 6.77GB | CPU load: 5.60
------------------------------------------------------------------------------------------------------------------------
Produced artifacts:
 C:\Github projects\CNC12WizardUpgrade\target\gluonfx\x86_64-windows\gvm\cnc12wizardupgrade\graal_isolate.h (header)
 C:\Github projects\CNC12WizardUpgrade\target\gluonfx\x86_64-windows\gvm\cnc12wizardupgrade\com.frogman650.app.h (header)
 C:\Github projects\CNC12WizardUpgrade\target\gluonfx\x86_64-windows\gvm\cnc12wizardupgrade\graal_isolate_dynamic.h (header)
 C:\Github projects\CNC12WizardUpgrade\target\gluonfx\x86_64-windows\gvm\cnc12wizardupgrade\com.frogman650.app_dynamic.h (header)
 C:\Github projects\CNC12WizardUpgrade\target\gluonfx\x86_64-windows\gvm\cnc12wizardupgrade\com.frogman650.app.build_artifacts.txt
========================================================================================================================
Finished generating 'com.frogman650.app' in 1m 20s.


Result
======
result: 0