Process
=======
compile

Command Line
============
C:\graalvm-svm-java17-windows-gluon-22.1.0.1-Final\graalvm-svm-java17-windows-gluon-22.1.0.1-Final\bin\native-image.cmd "-Djdk.internal.lambda.eagerlyInitialize=false" --no-server -H:+SharedLibrary -H:+AddAllCharsets -H:+ReportExceptionStackTraces -H:-DeadlockWatchdogExitOnTimeout "-H:DeadlockWatchdogInterval=0" -H:+RemoveSaturatedTypeFlows -H:+ExitAfterRelocatableImageWrite "--features=org.graalvm.home.HomeFinderFeature" "-H:TempDirectory=C:\Github projects\CNC12WizardUpgrade\target\gluonfx\x86_64-windows\gvm\tmp" "-H:EnableURLProtocols=http,https" "-H:ReflectionConfigurationFiles=C:\Github projects\CNC12WizardUpgrade\target\gluonfx\x86_64-windows\gvm\reflectionconfig-x86_64-windows.json" "-H:JNIConfigurationFiles=C:\Github projects\CNC12WizardUpgrade\target\gluonfx\x86_64-windows\gvm\jniconfig-x86_64-windows.json" "-H:ResourceConfigurationFiles=C:\Github projects\CNC12WizardUpgrade\target\gluonfx\x86_64-windows\gvm\resourceconfig-x86_64-windows.json" "-H:IncludeResourceBundles=com/sun/javafx/scene/control/skin/resources/controls,com/sun/javafx/scene/control/skin/resources/controls-nt,com.sun.javafx.tk.quantum.QuantumMessagesBundle,com/sun/glass/ui/win/themes" "-Dsvm.platform=org.graalvm.nativeimage.Platform$WINDOWS_AMD64" -cp "C:\Users\Lucas\.m2\repository\com\gluonhq\substrate\0.0.67\substrate-0.0.67.jar;C:\Github projects\CNC12WizardUpgrade\target\gluonfx\x86_64-windows\gvm\tmp\classpathJar.jar" com.frogman650.App

Output
======
Warning: Ignoring server-mode native-image argument --no-server.
========================================================================================================================
GraalVM Native Image: Generating 'com.frogman650.app' (shared library)...
========================================================================================================================
[1/7] Initializing...                                                                                   (13.7s @ 0.15GB)
 Version info: 'GraalVM 22.1.0.1 Java 17 CE'
 C compiler: cl.exe (microsoft, x64, 19.44.35215)
 Garbage collector: Serial GC
[2/7] Performing analysis...  [**************]                                                          (36.0s @ 2.19GB)
  11,799 (90.17%) of 13,085 classes reachable
  21,311 (66.55%) of 32,023 fields reachable
  58,866 (63.02%) of 93,409 methods reachable
     666 classes,   202 fields, and 2,915 methods registered for reflection
     137 classes,   152 fields, and   208 methods registered for JNI access
[3/7] Building universe...                                                                               (2.3s @ 3.00GB)
[4/7] Parsing methods...      [*]                                                                        (1.6s @ 4.21GB)
[5/7] Inlining methods...     [****]                                                                     (3.9s @ 2.28GB)
[6/7] Compiling methods...    [*****]                                                                   (21.5s @ 3.39GB)

------------------------------------------------------------------------------------------------------------------------
                        7.3s (8.4% of total time) in 38 GCs | Peak RSS: 6.62GB | CPU load: 5.23
------------------------------------------------------------------------------------------------------------------------
Produced artifacts:
 C:\Github projects\CNC12WizardUpgrade\target\gluonfx\x86_64-windows\gvm\cnc12wizardupgrade\com.frogman650.app.h (header)
 C:\Github projects\CNC12WizardUpgrade\target\gluonfx\x86_64-windows\gvm\cnc12wizardupgrade\graal_isolate.h (header)
 C:\Github projects\CNC12WizardUpgrade\target\gluonfx\x86_64-windows\gvm\cnc12wizardupgrade\com.frogman650.app_dynamic.h (header)
 C:\Github projects\CNC12WizardUpgrade\target\gluonfx\x86_64-windows\gvm\cnc12wizardupgrade\graal_isolate_dynamic.h (header)
 C:\Github projects\CNC12WizardUpgrade\target\gluonfx\x86_64-windows\gvm\cnc12wizardupgrade\com.frogman650.app.build_artifacts.txt
========================================================================================================================
Finished generating 'com.frogman650.app' in 1m 26s.


Result
======
result: 0